<?xml version="1.0" encoding="UTF-8"?>
<!-- Generated by org.testng.reporters.JUnitXMLReporter -->
<testsuite ignored="11" hostname="L-INE-2T5JRL3" failures="0" tests="1" name="Default test" time="13.847" errors="0" timestamp="08 Jan 2024 12:00:49 GMT">
  <testcase classname="org.main.Demo_1" name="toCheckThePageTitle" time="13.832"/>
  <testcase classname="org.main.Demo_1" name="creatNewRowWithFirstCell" time="0.0">
    <ignored/>
  </testcase> <!-- creatNewRowWithFirstCell -->
  <testcase classname="org.main.Demo_1" name="to_Read_Particular_Column_Data_By_Employee_ID" time="0.0">
    <ignored/>
  </testcase> <!-- to_Read_Particular_Column_Data_By_Employee_ID -->
  <testcase classname="org.main.Demo_1" name="toCompareExcelDataWithWebPageData" time="0.0">
    <ignored/>
  </testcase> <!-- toCompareExcelDataWithWebPageData -->
  <testcase classname="org.main.Demo_1" name="getTheRangeValuesFromTheExcelSheet" time="0.0">
    <ignored/>
  </testcase> <!-- getTheRangeValuesFromTheExcelSheet -->
  <testcase classname="org.main.Demo_1" name="to_Read_Particular_Rows" time="0.0">
    <ignored/>
  </testcase> <!-- to_Read_Particular_Rows -->
  <testcase classname="org.main.Demo_1" name="test_Case_to_Window" time="0.0">
    <ignored/>
  </testcase> <!-- test_Case_to_Window -->
  <testcase classname="org.main.Demo_1" name="creatNewExcelSheet" time="0.0">
    <ignored/>
  </testcase> <!-- creatNewExcelSheet -->
  <testcase classname="org.main.Demo_1" name="updateTheCellValue" time="0.0">
    <ignored/>
  </testcase> <!-- updateTheCellValue -->
  <testcase classname="org.main.Demo_1" name="CreateAndWriteNewCellIntoExcelSheetWithExistingRow" time="0.0">
    <ignored/>
  </testcase> <!-- CreateAndWriteNewCellIntoExcelSheetWithExistingRow -->
  <testcase classname="org.main.Demo_1" name="entire_Excel_Data_Reader" time="0.0">
    <ignored/>
  </testcase> <!-- entire_Excel_Data_Reader -->
  <testcase classname="org.main.Demo_1" name="to_read_Excel_Particular_Row_Datas_By_Employee_ID" time="0.0">
    <ignored/>
  </testcase> <!-- to_read_Excel_Particular_Row_Datas_By_Employee_ID -->
</testsuite> <!-- Default test -->
