<?xml version="1.0" encoding="UTF-8"?>
<testng-results ignored="11" total="12" passed="1" failed="0" skipped="0">
  <reporter-output>
  </reporter-output>
  <suite started-at="2024-01-08T12:00:36Z" name="Default suite" finished-at="2024-01-08T12:00:49Z" duration-ms="13847">
    <groups>
    </groups>
    <test started-at="2024-01-08T12:00:36Z" name="Default test" finished-at="2024-01-08T12:00:49Z" duration-ms="13847">
      <class name="org.main.Demo_1">
        <test-method signature="toCheckThePageTitle()[pri:0, instance:org.main.Demo_1@70f02c32]" started-at="2024-01-08T12:00:36Z" name="toCheckThePageTitle" finished-at="2024-01-08T12:00:49Z" duration-ms="13832" status="PASS">
          <reporter-output>
          </reporter-output>
        </test-method> <!-- toCheckThePageTitle -->
      </class> <!-- org.main.Demo_1 -->
    </test> <!-- Default test -->
  </suite> <!-- Default suite -->
</testng-results>
